<?xml version="1.0" encoding="UTF-8"?>
<testsuite xmlns:xsi="http://www.w3.org/2001/XMLSchema-instance" xsi:noNamespaceSchemaLocation="https://maven.apache.org/surefire/maven-surefire-plugin/xsd/surefire-test-report.xsd" name="test.CustomerTest" time="1.101" tests="4" errors="1" skipped="0" failures="0">
  <properties>
[...]
</properties>
  <testcase name="GetCustomer" classname="test.CustomerTest" time="1.076"/>
  <testcase name="UpdateCustomer" classname="test.CustomerTest" time="0.012">
    <error message="No value present" type="java.util.NoSuchElementException">java.util.NoSuchElementException: No value present
	at test.CustomerTest.UpdateCustomer(CustomerTest.java:59)
</error>
  </testcase>
  <testcase name="CreateCustomer" classname="test.CustomerTest" time="0.002"/>
  <testcase name="DeleteCustomer" classname="test.CustomerTest" time="0.002"/>
</testsuite>